<?xml version="1.0" encoding="UTF-8"?>
<!-- Generated by org.testng.reporters.JUnitReportReporter -->
<testsuite hostname="M2B-D-6ZLLXH2" failures="0" tests="1" name="modules.Test1" time="0.666" errors="0" timestamp="08 Mar 2018 14:53:50 GMT" skipped="0">
  <testcase classname="modules.Test1" name="NewBusinessApplicationSummary" time="0.666"/>
</testsuite> <!-- modules.Test1 -->
