<?xml version="1.0" encoding="UTF-8"?>
<!-- Generated by org.testng.reporters.JUnitReportReporter -->
<testsuite hostname="M2B-D-6ZLLXH2" failures="0" tests="2" name="modules.JMS" time="62.332" errors="0" timestamp="17 May 2018 11:59:54 GMT" skipped="0">
  <testcase classname="modules.JMS" name="jmsQueueTest" time="47.929"/>
  <testcase classname="modules.JMS" name="developmentTools" time="14.403"/>
</testsuite> <!-- modules.JMS -->
